<?xml version="1.0" encoding="UTF-8"?>
<!-- Generated by org.testng.reporters.JUnitXMLReporter -->
<testsuite ignored="0" hostname="DESKTOP-SII4EJG" failures="0" tests="5" name="Default test" time="26.587" errors="0" timestamp="2023-10-25T07:16:21 IST">
  <testcase classname="TestCases.LoginTests" name="validLogin" time="0.472"/>
  <testcase classname="TestCases.LoginTests" name="invalidLogin" time="0.383"/>
  <testcase classname="TestCases.LoginTests" name="emptyFields" time="0.336"/>
  <testcase classname="TestCases.LoginTests" name="emptyUserName" time="0.347"/>
  <testcase classname="TestCases.LoginTests" name="emptPassWord" time="0.553"/>
</testsuite> <!-- Default test -->
