<?xml version="1.0" encoding="UTF-8"?>
<!-- Generated by org.testng.reporters.JUnitXMLReporter -->
<testsuite ignored="0" hostname="DESKTOP-SII4EJG" failures="0" tests="5" name="Default test" time="20.688" errors="0" timestamp="2023-10-24T07:54:24 IST">
  <testcase classname="TestCases.LoginTests" name="emptPassWord" time="0.263"/>
  <testcase classname="TestCases.LoginTests" name="emptUserName" time="0.235"/>
  <testcase classname="TestCases.LoginTests" name="emptyFields" time="0.221"/>
  <testcase classname="TestCases.LoginTests" name="invalidLogin" time="0.268"/>
  <testcase classname="TestCases.LoginTests" name="validLogin" time="0.248"/>
</testsuite> <!-- Default test -->
