<?xml version="1.0" encoding="UTF-8"?>
<testng-results ignored="0" total="2" passed="2" failed="0" skipped="0">
  <reporter-output>
  </reporter-output>
  <suite started-at="2023-10-23T10:51:18 IST" name="Default suite" finished-at="2023-10-23T10:51:24 IST" duration-ms="6419">
    <groups>
    </groups>
    <test started-at="2023-10-23T10:51:18 IST" name="Default test" finished-at="2023-10-23T10:51:24 IST" duration-ms="6419">
      <class name="TestCases.LoginTests">
        <test-method is-config="true" signature="launchingApp()[pri:0, instance:TestCases.LoginTests@5876a9af]" started-at="2023-10-23T10:51:18 IST" name="launchingApp" finished-at="2023-10-23T10:51:21 IST" duration-ms="3465" status="PASS">
          <reporter-output>
          </reporter-output>
        </test-method> <!-- launchingApp -->
        <test-method signature="invalidLogin()[pri:0, instance:TestCases.LoginTests@5876a9af]" started-at="2023-10-23T10:51:21 IST" name="invalidLogin" finished-at="2023-10-23T10:51:22 IST" duration-ms="261" status="PASS">
          <reporter-output>
          </reporter-output>
        </test-method> <!-- invalidLogin -->
        <test-method is-config="true" signature="closeBrowser()[pri:0, instance:TestCases.LoginTests@5876a9af]" started-at="2023-10-23T10:51:22 IST" name="closeBrowser" finished-at="2023-10-23T10:51:22 IST" duration-ms="1" status="PASS">
          <reporter-output>
          </reporter-output>
        </test-method> <!-- closeBrowser -->
        <test-method is-config="true" signature="launchingApp()[pri:0, instance:TestCases.LoginTests@5876a9af]" started-at="2023-10-23T10:51:22 IST" name="launchingApp" finished-at="2023-10-23T10:51:24 IST" duration-ms="2417" status="PASS">
          <reporter-output>
          </reporter-output>
        </test-method> <!-- launchingApp -->
        <test-method signature="validLogin()[pri:0, instance:TestCases.LoginTests@5876a9af]" started-at="2023-10-23T10:51:24 IST" name="validLogin" finished-at="2023-10-23T10:51:24 IST" duration-ms="243" status="PASS">
          <reporter-output>
          </reporter-output>
        </test-method> <!-- validLogin -->
        <test-method is-config="true" signature="closeBrowser()[pri:0, instance:TestCases.LoginTests@5876a9af]" started-at="2023-10-23T10:51:24 IST" name="closeBrowser" finished-at="2023-10-23T10:51:24 IST" duration-ms="1" status="PASS">
          <reporter-output>
          </reporter-output>
        </test-method> <!-- closeBrowser -->
      </class> <!-- TestCases.LoginTests -->
    </test> <!-- Default test -->
  </suite> <!-- Default suite -->
</testng-results>
